[INFO] [2017-07-12 22:19:12][org.springframework.test.context.support.DefaultTestContextBootstrapper]Loaded default TestExecutionListener class names from location [META-INF/spring.factories]: [org.springframework.test.context.web.ServletTestExecutionListener, org.springframework.test.context.support.DirtiesContextBeforeModesTestExecutionListener, org.springframework.test.context.support.DependencyInjectionTestExecutionListener, org.springframework.test.context.support.DirtiesContextTestExecutionListener, org.springframework.test.context.transaction.TransactionalTestExecutionListener, org.springframework.test.context.jdbc.SqlScriptsTestExecutionListener]
  [INFO] [2017-07-12 22:19:12][org.springframework.test.context.support.DefaultTestContextBootstrapper]Using TestExecutionListeners: [org.springframework.test.context.web.ServletTestExecutionListener@10d55478, org.springframework.test.context.support.DirtiesContextBeforeModesTestExecutionListener@259c9aea, org.springframework.test.context.support.DependencyInjectionTestExecutionListener@4c7e8bf0, org.springframework.test.context.support.DirtiesContextTestExecutionListener@81560cc, org.springframework.test.context.transaction.TransactionalTestExecutionListener@3385f539, org.springframework.test.context.jdbc.SqlScriptsTestExecutionListener@1fa68b9c]
  [INFO] [2017-07-12 22:19:12][org.springframework.beans.factory.xml.XmlBeanDefinitionReader]Loading XML bean definitions from class path resource [spring-mybatis.xml]
  [INFO] [2017-07-12 22:19:12][org.springframework.context.support.GenericApplicationContext]Refreshing org.springframework.context.support.GenericApplicationContext@6b10bc5c: startup date [Wed Jul 12 22:19:12 GMT+08:00 2017]; root of context hierarchy
  [INFO] [2017-07-12 22:19:12][org.springframework.beans.factory.config.PropertyPlaceholderConfigurer]Loading properties file from class path resource [jdbc.properties]
  [INFO] [2017-07-12 22:19:12][org.springframework.beans.factory.annotation.AutowiredAnnotationBeanPostProcessor]JSR-330 'javax.inject.Inject' annotation found and supported for autowiring
  [WARN] [2017-07-12 22:19:12][org.springframework.beans.factory.support.DefaultListableBeanFactory]Bean creation exception on non-lazy FactoryBean type check: org.springframework.beans.factory.BeanCreationException: Error creating bean with name 'staffMapper' defined in file [E:\eclipseWorkspace\ETL\target\classes\site\share2u\etl\dao\StaffMapper.class]: Cannot resolve reference to bean 'sqlSessionFactory' while setting bean property 'sqlSessionFactory'; nested exception is org.springframework.beans.factory.BeanCreationException: Error creating bean with name 'sqlSessionFactory' defined in class path resource [spring-mybatis.xml]: Initialization of bean failed; nested exception is org.springframework.beans.TypeMismatchException: Failed to convert property value of type [java.lang.String] to required type [org.springframework.core.io.Resource[]] for property 'mapperLocations'; nested exception is java.lang.IllegalArgumentException: Could not resolve resource location pattern [classpath:mapping/*.xml]: class path resource [mapping/] cannot be resolved to URL because it does not exist
  [WARN] [2017-07-12 22:19:12][org.springframework.context.support.GenericApplicationContext]Exception encountered during context initialization - cancelling refresh attempt: org.springframework.beans.factory.BeanCreationException: Error creating bean with name 'staffService': Injection of resource dependencies failed; nested exception is org.springframework.beans.factory.NoSuchBeanDefinitionException: No qualifying bean of type [site.share2u.etl.dao.StaffMapper] found for dependency: expected at least 1 bean which qualifies as autowire candidate for this dependency. Dependency annotations: {@javax.annotation.Resource(shareable=true, mappedName=, description=, name=, type=class java.lang.Object, authenticationType=CONTAINER, lookup=)}
Related cause: org.springframework.beans.factory.BeanCreationException: Error creating bean with name 'staffMapper' defined in file [E:\eclipseWorkspace\ETL\target\classes\site\share2u\etl\dao\StaffMapper.class]: Cannot resolve reference to bean 'sqlSessionFactory' while setting bean property 'sqlSessionFactory'; nested exception is org.springframework.beans.factory.BeanCreationException: Error creating bean with name 'sqlSessionFactory' defined in class path resource [spring-mybatis.xml]: Initialization of bean failed; nested exception is org.springframework.beans.TypeMismatchException: Failed to convert property value of type [java.lang.String] to required type [org.springframework.core.io.Resource[]] for property 'mapperLocations'; nested exception is java.lang.IllegalArgumentException: Could not resolve resource location pattern [classpath:mapping/*.xml]: class path resource [mapping/] cannot be resolved to URL because it does not exist
  [ERROR] [2017-07-12 22:19:12][org.springframework.test.context.TestContextManager]Caught exception while allowing TestExecutionListener [org.springframework.test.context.support.DependencyInjectionTestExecutionListener@4c7e8bf0] to prepare test instance [site.share2u.etl.staff.TestStaff@6fb494a]
  java.lang.IllegalStateException: Failed to load ApplicationContext
	at org.springframework.test.context.cache.DefaultCacheAwareContextLoaderDelegate.loadContext(DefaultCacheAwareContextLoaderDelegate.java:124)
	at org.springframework.test.context.support.DefaultTestContext.getApplicationContext(DefaultTestContext.java:83)
	at org.springframework.test.context.support.DependencyInjectionTestExecutionListener.injectDependencies(DependencyInjectionTestExecutionListener.java:117)
	at org.springframework.test.context.support.DependencyInjectionTestExecutionListener.prepareTestInstance(DependencyInjectionTestExecutionListener.java:83)
	at org.springframework.test.context.TestContextManager.prepareTestInstance(TestContextManager.java:228)
	at org.springframework.test.context.junit4.SpringJUnit4ClassRunner.createTest(SpringJUnit4ClassRunner.java:230)
	at org.springframework.test.context.junit4.SpringJUnit4ClassRunner$1.runReflectiveCall(SpringJUnit4ClassRunner.java:289)
	at org.junit.internal.runners.model.ReflectiveCallable.run(ReflectiveCallable.java:12)
	at org.springframework.test.context.junit4.SpringJUnit4ClassRunner.methodBlock(SpringJUnit4ClassRunner.java:291)
	at org.springframework.test.context.junit4.SpringJUnit4ClassRunner.runChild(SpringJUnit4ClassRunner.java:249)
	at org.springframework.test.context.junit4.SpringJUnit4ClassRunner.runChild(SpringJUnit4ClassRunner.java:89)
	at org.junit.runners.ParentRunner$3.run(ParentRunner.java:290)
	at org.junit.runners.ParentRunner$1.schedule(ParentRunner.java:71)
	at org.junit.runners.ParentRunner.runChildren(ParentRunner.java:288)
	at org.junit.runners.ParentRunner.access$000(ParentRunner.java:58)
	at org.junit.runners.ParentRunner$2.evaluate(ParentRunner.java:268)
	at org.springframework.test.context.junit4.statements.RunBeforeTestClassCallbacks.evaluate(RunBeforeTestClassCallbacks.java:61)
	at org.springframework.test.context.junit4.statements.RunAfterTestClassCallbacks.evaluate(RunAfterTestClassCallbacks.java:70)
	at org.junit.runners.ParentRunner.run(ParentRunner.java:363)
	at org.springframework.test.context.junit4.SpringJUnit4ClassRunner.run(SpringJUnit4ClassRunner.java:193)
	at org.eclipse.jdt.internal.junit4.runner.JUnit4TestReference.run(JUnit4TestReference.java:86)
	at org.eclipse.jdt.internal.junit.runner.TestExecution.run(TestExecution.java:38)
	at org.eclipse.jdt.internal.junit.runner.RemoteTestRunner.runTests(RemoteTestRunner.java:459)
	at org.eclipse.jdt.internal.junit.runner.RemoteTestRunner.runTests(RemoteTestRunner.java:675)
	at org.eclipse.jdt.internal.junit.runner.RemoteTestRunner.run(RemoteTestRunner.java:382)
	at org.eclipse.jdt.internal.junit.runner.RemoteTestRunner.main(RemoteTestRunner.java:192)
Caused by: org.springframework.beans.factory.BeanCreationException: Error creating bean with name 'staffService': Injection of resource dependencies failed; nested exception is org.springframework.beans.factory.NoSuchBeanDefinitionException: No qualifying bean of type [site.share2u.etl.dao.StaffMapper] found for dependency: expected at least 1 bean which qualifies as autowire candidate for this dependency. Dependency annotations: {@javax.annotation.Resource(shareable=true, mappedName=, description=, name=, type=class java.lang.Object, authenticationType=CONTAINER, lookup=)}
Related cause: org.springframework.beans.factory.BeanCreationException: Error creating bean with name 'staffMapper' defined in file [E:\eclipseWorkspace\ETL\target\classes\site\share2u\etl\dao\StaffMapper.class]: Cannot resolve reference to bean 'sqlSessionFactory' while setting bean property 'sqlSessionFactory'; nested exception is org.springframework.beans.factory.BeanCreationException: Error creating bean with name 'sqlSessionFactory' defined in class path resource [spring-mybatis.xml]: Initialization of bean failed; nested exception is org.springframework.beans.TypeMismatchException: Failed to convert property value of type [java.lang.String] to required type [org.springframework.core.io.Resource[]] for property 'mapperLocations'; nested exception is java.lang.IllegalArgumentException: Could not resolve resource location pattern [classpath:mapping/*.xml]: class path resource [mapping/] cannot be resolved to URL because it does not exist
	at org.springframework.context.annotation.CommonAnnotationBeanPostProcessor.postProcessPropertyValues(CommonAnnotationBeanPostProcessor.java:311)
	at org.springframework.beans.factory.support.AbstractAutowireCapableBeanFactory.populateBean(AbstractAutowireCapableBeanFactory.java:1214)
	at org.springframework.beans.factory.support.AbstractAutowireCapableBeanFactory.doCreateBean(AbstractAutowireCapableBeanFactory.java:543)
	at org.springframework.beans.factory.support.AbstractAutowireCapableBeanFactory.createBean(AbstractAutowireCapableBeanFactory.java:482)
	at org.springframework.beans.factory.support.AbstractBeanFactory$1.getObject(AbstractBeanFactory.java:306)
	at org.springframework.beans.factory.support.DefaultSingletonBeanRegistry.getSingleton(DefaultSingletonBeanRegistry.java:230)
	at org.springframework.beans.factory.support.AbstractBeanFactory.doGetBean(AbstractBeanFactory.java:302)
	at org.springframework.beans.factory.support.AbstractBeanFactory.getBean(AbstractBeanFactory.java:197)
	at org.springframework.beans.factory.support.DefaultListableBeanFactory.preInstantiateSingletons(DefaultListableBeanFactory.java:772)
	at org.springframework.context.support.AbstractApplicationContext.finishBeanFactoryInitialization(AbstractApplicationContext.java:839)
	at org.springframework.context.support.AbstractApplicationContext.refresh(AbstractApplicationContext.java:538)
	at org.springframework.test.context.support.AbstractGenericContextLoader.loadContext(AbstractGenericContextLoader.java:125)
	at org.springframework.test.context.support.AbstractGenericContextLoader.loadContext(AbstractGenericContextLoader.java:60)
	at org.springframework.test.context.support.AbstractDelegatingSmartContextLoader.delegateLoading(AbstractDelegatingSmartContextLoader.java:109)
	at org.springframework.test.context.support.AbstractDelegatingSmartContextLoader.loadContext(AbstractDelegatingSmartContextLoader.java:261)
	at org.springframework.test.context.cache.DefaultCacheAwareContextLoaderDelegate.loadContextInternal(DefaultCacheAwareContextLoaderDelegate.java:98)
	at org.springframework.test.context.cache.DefaultCacheAwareContextLoaderDelegate.loadContext(DefaultCacheAwareContextLoaderDelegate.java:116)
	... 25 more
Caused by: org.springframework.beans.factory.NoSuchBeanDefinitionException: No qualifying bean of type [site.share2u.etl.dao.StaffMapper] found for dependency: expected at least 1 bean which qualifies as autowire candidate for this dependency. Dependency annotations: {@javax.annotation.Resource(shareable=true, mappedName=, description=, name=, type=class java.lang.Object, authenticationType=CONTAINER, lookup=)}
	at org.springframework.beans.factory.support.DefaultListableBeanFactory.raiseNoSuchBeanDefinitionException(DefaultListableBeanFactory.java:1373)
	at org.springframework.beans.factory.support.DefaultListableBeanFactory.doResolveDependency(DefaultListableBeanFactory.java:1119)
	at org.springframework.beans.factory.support.DefaultListableBeanFactory.resolveDependency(DefaultListableBeanFactory.java:1014)
	at org.springframework.context.annotation.CommonAnnotationBeanPostProcessor.autowireResource(CommonAnnotationBeanPostProcessor.java:508)
	at org.springframework.context.annotation.CommonAnnotationBeanPostProcessor.getResource(CommonAnnotationBeanPostProcessor.java:486)
	at org.springframework.context.annotation.CommonAnnotationBeanPostProcessor$ResourceElement.getResourceToInject(CommonAnnotationBeanPostProcessor.java:615)
	at org.springframework.beans.factory.annotation.InjectionMetadata$InjectedElement.inject(InjectionMetadata.java:169)
	at org.springframework.beans.factory.annotation.InjectionMetadata.inject(InjectionMetadata.java:88)
	at org.springframework.context.annotation.CommonAnnotationBeanPostProcessor.postProcessPropertyValues(CommonAnnotationBeanPostProcessor.java:308)
	... 41 more
[INFO] [2017-07-12 22:24:03][org.springframework.test.context.support.DefaultTestContextBootstrapper]Loaded default TestExecutionListener class names from location [META-INF/spring.factories]: [org.springframework.test.context.web.ServletTestExecutionListener, org.springframework.test.context.support.DirtiesContextBeforeModesTestExecutionListener, org.springframework.test.context.support.DependencyInjectionTestExecutionListener, org.springframework.test.context.support.DirtiesContextTestExecutionListener, org.springframework.test.context.transaction.TransactionalTestExecutionListener, org.springframework.test.context.jdbc.SqlScriptsTestExecutionListener]
  [INFO] [2017-07-12 22:24:03][org.springframework.test.context.support.DefaultTestContextBootstrapper]Using TestExecutionListeners: [org.springframework.test.context.web.ServletTestExecutionListener@66edf68b, org.springframework.test.context.support.DirtiesContextBeforeModesTestExecutionListener@10d55478, org.springframework.test.context.support.DependencyInjectionTestExecutionListener@259c9aea, org.springframework.test.context.support.DirtiesContextTestExecutionListener@4c7e8bf0, org.springframework.test.context.transaction.TransactionalTestExecutionListener@81560cc, org.springframework.test.context.jdbc.SqlScriptsTestExecutionListener@3385f539]
  [INFO] [2017-07-12 22:24:03][org.springframework.beans.factory.xml.XmlBeanDefinitionReader]Loading XML bean definitions from class path resource [spring-mybatis.xml]
  [INFO] [2017-07-12 22:24:03][org.springframework.context.support.GenericApplicationContext]Refreshing org.springframework.context.support.GenericApplicationContext@6b10bc5c: startup date [Wed Jul 12 22:24:03 GMT+08:00 2017]; root of context hierarchy
  [INFO] [2017-07-12 22:24:03][org.springframework.beans.factory.config.PropertyPlaceholderConfigurer]Loading properties file from class path resource [jdbc.properties]
  [INFO] [2017-07-12 22:24:03][org.springframework.beans.factory.annotation.AutowiredAnnotationBeanPostProcessor]JSR-330 'javax.inject.Inject' annotation found and supported for autowiring
  [INFO] [2017-07-12 22:24:04][org.springframework.context.support.GenericApplicationContext]Closing org.springframework.context.support.GenericApplicationContext@6b10bc5c: startup date [Wed Jul 12 22:24:03 GMT+08:00 2017]; root of context hierarchy
  [INFO] [2017-07-12 22:26:22][org.springframework.test.context.support.DefaultTestContextBootstrapper]Loaded default TestExecutionListener class names from location [META-INF/spring.factories]: [org.springframework.test.context.web.ServletTestExecutionListener, org.springframework.test.context.support.DirtiesContextBeforeModesTestExecutionListener, org.springframework.test.context.support.DependencyInjectionTestExecutionListener, org.springframework.test.context.support.DirtiesContextTestExecutionListener, org.springframework.test.context.transaction.TransactionalTestExecutionListener, org.springframework.test.context.jdbc.SqlScriptsTestExecutionListener]
  [INFO] [2017-07-12 22:26:22][org.springframework.test.context.support.DefaultTestContextBootstrapper]Using TestExecutionListeners: [org.springframework.test.context.web.ServletTestExecutionListener@259c9aea, org.springframework.test.context.support.DirtiesContextBeforeModesTestExecutionListener@4c7e8bf0, org.springframework.test.context.support.DependencyInjectionTestExecutionListener@81560cc, org.springframework.test.context.support.DirtiesContextTestExecutionListener@3385f539, org.springframework.test.context.transaction.TransactionalTestExecutionListener@1fa68b9c, org.springframework.test.context.jdbc.SqlScriptsTestExecutionListener@6f17beff]
  [INFO] [2017-07-12 22:26:22][org.springframework.beans.factory.xml.XmlBeanDefinitionReader]Loading XML bean definitions from class path resource [spring-mybatis.xml]
  [INFO] [2017-07-12 22:26:22][org.springframework.context.support.GenericApplicationContext]Refreshing org.springframework.context.support.GenericApplicationContext@17be72ee: startup date [Wed Jul 12 22:26:22 GMT+08:00 2017]; root of context hierarchy
  [INFO] [2017-07-12 22:26:22][org.springframework.beans.factory.config.PropertyPlaceholderConfigurer]Loading properties file from class path resource [jdbc.properties]
  [INFO] [2017-07-12 22:26:22][org.springframework.beans.factory.annotation.AutowiredAnnotationBeanPostProcessor]JSR-330 'javax.inject.Inject' annotation found and supported for autowiring
  [INFO] [2017-07-12 22:26:23][org.springframework.context.support.GenericApplicationContext]Closing org.springframework.context.support.GenericApplicationContext@17be72ee: startup date [Wed Jul 12 22:26:22 GMT+08:00 2017]; root of context hierarchy
  [INFO] [2017-07-26 13:43:06][org.springframework.test.context.support.DefaultTestContextBootstrapper]Loaded default TestExecutionListener class names from location [META-INF/spring.factories]: [org.springframework.test.context.web.ServletTestExecutionListener, org.springframework.test.context.support.DirtiesContextBeforeModesTestExecutionListener, org.springframework.test.context.support.DependencyInjectionTestExecutionListener, org.springframework.test.context.support.DirtiesContextTestExecutionListener, org.springframework.test.context.transaction.TransactionalTestExecutionListener, org.springframework.test.context.jdbc.SqlScriptsTestExecutionListener]
  [INFO] [2017-07-26 13:43:06][org.springframework.test.context.support.DefaultTestContextBootstrapper]Using TestExecutionListeners: [org.springframework.test.context.web.ServletTestExecutionListener@a22ee8c, org.springframework.test.context.support.DirtiesContextBeforeModesTestExecutionListener@7b5b2e86, org.springframework.test.context.support.DependencyInjectionTestExecutionListener@1f4b9eaf, org.springframework.test.context.support.DirtiesContextTestExecutionListener@1d9f0336, org.springframework.test.context.transaction.TransactionalTestExecutionListener@328bdd6b, org.springframework.test.context.jdbc.SqlScriptsTestExecutionListener@7c75b5b9]
  [INFO] [2017-07-26 13:43:06][org.springframework.beans.factory.xml.XmlBeanDefinitionReader]Loading XML bean definitions from class path resource [spring-mybatis.xml]
  [INFO] [2017-07-26 13:43:06][org.springframework.context.support.GenericApplicationContext]Refreshing org.springframework.context.support.GenericApplicationContext@611c1cdf: startup date [Wed Jul 26 13:43:06 GMT+08:00 2017]; root of context hierarchy
  [INFO] [2017-07-26 13:43:06][org.springframework.beans.factory.config.PropertyPlaceholderConfigurer]Loading properties file from class path resource [jdbc.properties]
  [INFO] [2017-07-26 13:43:06][org.springframework.beans.factory.annotation.AutowiredAnnotationBeanPostProcessor]JSR-330 'javax.inject.Inject' annotation found and supported for autowiring
  [INFO] [2017-07-26 13:43:07][org.springframework.context.support.GenericApplicationContext]Closing org.springframework.context.support.GenericApplicationContext@611c1cdf: startup date [Wed Jul 26 13:43:06 GMT+08:00 2017]; root of context hierarchy
  [INFO] [2017-07-26 14:01:12][org.springframework.beans.factory.xml.XmlBeanDefinitionReader]Loading XML bean definitions from class path resource [spring-mybatis.xml]
  [INFO] [2017-07-26 14:01:13][org.springframework.context.support.GenericApplicationContext]Refreshing org.springframework.context.support.GenericApplicationContext@4acdd9ba: startup date [Wed Jul 26 14:01:13 GMT+08:00 2017]; root of context hierarchy
  [INFO] [2017-07-26 14:01:13][org.springframework.beans.factory.config.PropertyPlaceholderConfigurer]Loading properties file from class path resource [jdbc.properties]
  [INFO] [2017-07-26 14:01:13][org.springframework.beans.factory.annotation.AutowiredAnnotationBeanPostProcessor]JSR-330 'javax.inject.Inject' annotation found and supported for autowiring
  [INFO] [2017-07-26 14:01:13][org.springframework.context.support.GenericApplicationContext]Closing org.springframework.context.support.GenericApplicationContext@4acdd9ba: startup date [Wed Jul 26 14:01:13 GMT+08:00 2017]; root of context hierarchy
  [INFO] [2017-07-26 14:03:55][org.springframework.beans.factory.xml.XmlBeanDefinitionReader]Loading XML bean definitions from class path resource [spring-mybatis.xml]
  [INFO] [2017-07-26 14:03:55][org.springframework.context.support.GenericApplicationContext]Refreshing org.springframework.context.support.GenericApplicationContext@4acdd9ba: startup date [Wed Jul 26 14:03:55 GMT+08:00 2017]; root of context hierarchy
  [INFO] [2017-07-26 14:03:56][org.springframework.beans.factory.config.PropertyPlaceholderConfigurer]Loading properties file from class path resource [jdbc.properties]
  [INFO] [2017-07-26 14:03:56][org.springframework.beans.factory.annotation.AutowiredAnnotationBeanPostProcessor]JSR-330 'javax.inject.Inject' annotation found and supported for autowiring
  [INFO] [2017-07-26 14:03:56][org.springframework.context.support.GenericApplicationContext]Closing org.springframework.context.support.GenericApplicationContext@4acdd9ba: startup date [Wed Jul 26 14:03:55 GMT+08:00 2017]; root of context hierarchy
  [INFO] [2017-07-26 14:10:23][org.springframework.beans.factory.xml.XmlBeanDefinitionReader]Loading XML bean definitions from class path resource [spring-mybatis.xml]
  [INFO] [2017-07-26 14:10:23][org.springframework.context.support.GenericApplicationContext]Refreshing org.springframework.context.support.GenericApplicationContext@2ab8cdc7: startup date [Wed Jul 26 14:10:23 GMT+08:00 2017]; root of context hierarchy
  [INFO] [2017-07-26 14:10:23][org.springframework.beans.factory.config.PropertyPlaceholderConfigurer]Loading properties file from class path resource [jdbc.properties]
  [INFO] [2017-07-26 14:10:23][org.springframework.beans.factory.annotation.AutowiredAnnotationBeanPostProcessor]JSR-330 'javax.inject.Inject' annotation found and supported for autowiring
  [INFO] [2017-07-26 14:10:24][org.springframework.context.support.GenericApplicationContext]Closing org.springframework.context.support.GenericApplicationContext@2ab8cdc7: startup date [Wed Jul 26 14:10:23 GMT+08:00 2017]; root of context hierarchy
  [INFO] [2017-07-26 14:15:17][org.springframework.beans.factory.xml.XmlBeanDefinitionReader]Loading XML bean definitions from class path resource [spring-mybatis.xml]
  [INFO] [2017-07-26 14:15:17][org.springframework.context.support.GenericApplicationContext]Refreshing org.springframework.context.support.GenericApplicationContext@2ab8cdc7: startup date [Wed Jul 26 14:15:17 GMT+08:00 2017]; root of context hierarchy
  [INFO] [2017-07-26 14:15:17][org.springframework.beans.factory.config.PropertyPlaceholderConfigurer]Loading properties file from class path resource [jdbc.properties]
  [INFO] [2017-07-26 14:15:17][org.springframework.beans.factory.annotation.AutowiredAnnotationBeanPostProcessor]JSR-330 'javax.inject.Inject' annotation found and supported for autowiring
  [INFO] [2017-07-26 14:15:17][org.springframework.context.support.GenericApplicationContext]Closing org.springframework.context.support.GenericApplicationContext@2ab8cdc7: startup date [Wed Jul 26 14:15:17 GMT+08:00 2017]; root of context hierarchy
  [INFO] [2017-07-26 14:16:58][org.springframework.beans.factory.xml.XmlBeanDefinitionReader]Loading XML bean definitions from class path resource [spring-mybatis.xml]
  [INFO] [2017-07-26 14:16:58][org.springframework.context.support.GenericApplicationContext]Refreshing org.springframework.context.support.GenericApplicationContext@109168b4: startup date [Wed Jul 26 14:16:58 GMT+08:00 2017]; root of context hierarchy
  [INFO] [2017-07-26 14:16:58][org.springframework.beans.factory.config.PropertyPlaceholderConfigurer]Loading properties file from class path resource [jdbc.properties]
  [INFO] [2017-07-26 14:16:58][org.springframework.beans.factory.annotation.AutowiredAnnotationBeanPostProcessor]JSR-330 'javax.inject.Inject' annotation found and supported for autowiring
  [INFO] [2017-07-26 14:16:58][org.springframework.context.support.GenericApplicationContext]Closing org.springframework.context.support.GenericApplicationContext@109168b4: startup date [Wed Jul 26 14:16:58 GMT+08:00 2017]; root of context hierarchy
  [INFO] [2017-07-26 14:18:40][org.springframework.beans.factory.xml.XmlBeanDefinitionReader]Loading XML bean definitions from class path resource [spring-mybatis.xml]
  [INFO] [2017-07-26 14:18:40][org.springframework.context.support.GenericApplicationContext]Refreshing org.springframework.context.support.GenericApplicationContext@109168b4: startup date [Wed Jul 26 14:18:40 GMT+08:00 2017]; root of context hierarchy
  [INFO] [2017-07-26 14:18:41][org.springframework.beans.factory.config.PropertyPlaceholderConfigurer]Loading properties file from class path resource [jdbc.properties]
  [INFO] [2017-07-26 14:18:41][org.springframework.beans.factory.annotation.AutowiredAnnotationBeanPostProcessor]JSR-330 'javax.inject.Inject' annotation found and supported for autowiring
  [INFO] [2017-07-26 14:18:41][org.springframework.context.support.GenericApplicationContext]Closing org.springframework.context.support.GenericApplicationContext@109168b4: startup date [Wed Jul 26 14:18:40 GMT+08:00 2017]; root of context hierarchy
  [INFO] [2017-07-26 14:19:31][org.springframework.beans.factory.xml.XmlBeanDefinitionReader]Loading XML bean definitions from class path resource [spring-mybatis.xml]
  [INFO] [2017-07-26 14:19:31][org.springframework.context.support.GenericApplicationContext]Refreshing org.springframework.context.support.GenericApplicationContext@109168b4: startup date [Wed Jul 26 14:19:31 GMT+08:00 2017]; root of context hierarchy
  [INFO] [2017-07-26 14:19:31][org.springframework.beans.factory.config.PropertyPlaceholderConfigurer]Loading properties file from class path resource [jdbc.properties]
  [INFO] [2017-07-26 14:19:31][org.springframework.beans.factory.annotation.AutowiredAnnotationBeanPostProcessor]JSR-330 'javax.inject.Inject' annotation found and supported for autowiring
  [INFO] [2017-07-26 14:19:32][org.springframework.context.support.GenericApplicationContext]Closing org.springframework.context.support.GenericApplicationContext@109168b4: startup date [Wed Jul 26 14:19:31 GMT+08:00 2017]; root of context hierarchy
  [INFO] [2017-07-26 14:19:54][org.springframework.beans.factory.xml.XmlBeanDefinitionReader]Loading XML bean definitions from class path resource [spring-mybatis.xml]
  [INFO] [2017-07-26 14:19:54][org.springframework.context.support.GenericApplicationContext]Refreshing org.springframework.context.support.GenericApplicationContext@53424146: startup date [Wed Jul 26 14:19:54 GMT+08:00 2017]; root of context hierarchy
  [INFO] [2017-07-26 14:19:54][org.springframework.beans.factory.config.PropertyPlaceholderConfigurer]Loading properties file from class path resource [jdbc.properties]
  [INFO] [2017-07-26 14:19:54][org.springframework.beans.factory.annotation.AutowiredAnnotationBeanPostProcessor]JSR-330 'javax.inject.Inject' annotation found and supported for autowiring
  [INFO] [2017-07-26 14:19:55][org.springframework.context.support.GenericApplicationContext]Closing org.springframework.context.support.GenericApplicationContext@53424146: startup date [Wed Jul 26 14:19:54 GMT+08:00 2017]; root of context hierarchy
  [INFO] [2017-07-26 14:39:17][org.springframework.beans.factory.xml.XmlBeanDefinitionReader]Loading XML bean definitions from class path resource [spring-mybatis.xml]
  [INFO] [2017-07-26 14:39:17][org.springframework.context.support.GenericApplicationContext]Refreshing org.springframework.context.support.GenericApplicationContext@36b98809: startup date [Wed Jul 26 14:39:17 GMT+08:00 2017]; root of context hierarchy
  [INFO] [2017-07-26 14:39:17][org.springframework.beans.factory.config.PropertyPlaceholderConfigurer]Loading properties file from class path resource [jdbc.properties]
  [INFO] [2017-07-26 14:39:17][org.springframework.beans.factory.annotation.AutowiredAnnotationBeanPostProcessor]JSR-330 'javax.inject.Inject' annotation found and supported for autowiring
  [INFO] [2017-07-26 14:39:17][org.springframework.context.support.GenericApplicationContext]Closing org.springframework.context.support.GenericApplicationContext@36b98809: startup date [Wed Jul 26 14:39:17 GMT+08:00 2017]; root of context hierarchy
  [INFO] [2017-07-26 14:39:40][org.springframework.web.context.ContextLoader]Root WebApplicationContext: initialization started
  [INFO] [2017-07-26 14:39:40][org.springframework.web.context.support.XmlWebApplicationContext]Refreshing Root WebApplicationContext: startup date [Wed Jul 26 14:39:40 GMT+08:00 2017]; root of context hierarchy
  [INFO] [2017-07-26 14:39:40][org.springframework.beans.factory.xml.XmlBeanDefinitionReader]Loading XML bean definitions from class path resource [spring-mybatis.xml]
  [INFO] [2017-07-26 14:39:40][org.springframework.beans.factory.config.PropertyPlaceholderConfigurer]Loading properties file from class path resource [jdbc.properties]
  [INFO] [2017-07-26 14:39:40][org.springframework.beans.factory.annotation.AutowiredAnnotationBeanPostProcessor]JSR-330 'javax.inject.Inject' annotation found and supported for autowiring
  [INFO] [2017-07-26 14:39:40][org.springframework.web.context.ContextLoader]Root WebApplicationContext: initialization completed in 493 ms
  [INFO] [2017-07-26 14:39:41][org.springframework.web.servlet.DispatcherServlet]FrameworkServlet 'SpringMVC': initialization started
  [INFO] [2017-07-26 14:39:41][org.springframework.web.context.support.XmlWebApplicationContext]Refreshing WebApplicationContext for namespace 'SpringMVC-servlet': startup date [Wed Jul 26 14:39:41 GMT+08:00 2017]; parent: Root WebApplicationContext
  [INFO] [2017-07-26 14:39:41][org.springframework.beans.factory.xml.XmlBeanDefinitionReader]Loading XML bean definitions from class path resource [spring-mvc.xml]
  [INFO] [2017-07-26 14:39:41][org.springframework.beans.factory.annotation.AutowiredAnnotationBeanPostProcessor]JSR-330 'javax.inject.Inject' annotation found and supported for autowiring
  [INFO] [2017-07-26 14:42:42][org.springframework.beans.factory.xml.XmlBeanDefinitionReader]Loading XML bean definitions from class path resource [spring-mybatis.xml]
  [INFO] [2017-07-26 14:42:42][org.springframework.context.support.GenericApplicationContext]Refreshing org.springframework.context.support.GenericApplicationContext@226f9c62: startup date [Wed Jul 26 14:42:42 GMT+08:00 2017]; root of context hierarchy
  [INFO] [2017-07-26 14:42:42][org.springframework.beans.factory.config.PropertyPlaceholderConfigurer]Loading properties file from class path resource [jdbc.properties]
  [INFO] [2017-07-26 14:42:42][org.springframework.beans.factory.annotation.AutowiredAnnotationBeanPostProcessor]JSR-330 'javax.inject.Inject' annotation found and supported for autowiring
  [INFO] [2017-07-26 14:42:42][org.springframework.context.support.GenericApplicationContext]Closing org.springframework.context.support.GenericApplicationContext@226f9c62: startup date [Wed Jul 26 14:42:42 GMT+08:00 2017]; root of context hierarchy
  [INFO] [2017-07-26 14:42:57][org.springframework.web.context.ContextLoader]Root WebApplicationContext: initialization started
  [INFO] [2017-07-26 14:42:57][org.springframework.web.context.support.XmlWebApplicationContext]Refreshing Root WebApplicationContext: startup date [Wed Jul 26 14:42:57 GMT+08:00 2017]; root of context hierarchy
  [INFO] [2017-07-26 14:42:57][org.springframework.beans.factory.xml.XmlBeanDefinitionReader]Loading XML bean definitions from class path resource [spring-mybatis.xml]
  [INFO] [2017-07-26 14:42:57][org.springframework.beans.factory.config.PropertyPlaceholderConfigurer]Loading properties file from class path resource [jdbc.properties]
  [INFO] [2017-07-26 14:42:57][org.springframework.beans.factory.annotation.AutowiredAnnotationBeanPostProcessor]JSR-330 'javax.inject.Inject' annotation found and supported for autowiring
  [INFO] [2017-07-26 14:42:57][org.springframework.web.context.ContextLoader]Root WebApplicationContext: initialization completed in 488 ms
  [INFO] [2017-07-26 14:42:57][org.springframework.web.servlet.DispatcherServlet]FrameworkServlet 'SpringMVC': initialization started
  [INFO] [2017-07-26 14:42:57][org.springframework.web.context.support.XmlWebApplicationContext]Refreshing WebApplicationContext for namespace 'SpringMVC-servlet': startup date [Wed Jul 26 14:42:57 GMT+08:00 2017]; parent: Root WebApplicationContext
  [INFO] [2017-07-26 14:42:57][org.springframework.beans.factory.xml.XmlBeanDefinitionReader]Loading XML bean definitions from class path resource [spring-mvc.xml]
  [INFO] [2017-07-26 14:42:57][org.springframework.beans.factory.annotation.AutowiredAnnotationBeanPostProcessor]JSR-330 'javax.inject.Inject' annotation found and supported for autowiring
  [INFO] [2017-07-26 14:45:25][org.springframework.beans.factory.xml.XmlBeanDefinitionReader]Loading XML bean definitions from class path resource [spring-mybatis.xml]
  [INFO] [2017-07-26 14:45:26][org.springframework.context.support.GenericApplicationContext]Refreshing org.springframework.context.support.GenericApplicationContext@4e9222f0: startup date [Wed Jul 26 14:45:26 GMT+08:00 2017]; root of context hierarchy
  [INFO] [2017-07-26 14:45:26][org.springframework.beans.factory.config.PropertyPlaceholderConfigurer]Loading properties file from class path resource [jdbc.properties]
  [INFO] [2017-07-26 14:45:26][org.springframework.beans.factory.annotation.AutowiredAnnotationBeanPostProcessor]JSR-330 'javax.inject.Inject' annotation found and supported for autowiring
  [INFO] [2017-07-26 14:45:26][org.springframework.context.support.GenericApplicationContext]Closing org.springframework.context.support.GenericApplicationContext@4e9222f0: startup date [Wed Jul 26 14:45:26 GMT+08:00 2017]; root of context hierarchy
  [INFO] [2017-07-26 14:45:38][org.springframework.web.context.ContextLoader]Root WebApplicationContext: initialization started
  [INFO] [2017-07-26 14:45:38][org.springframework.web.context.support.XmlWebApplicationContext]Refreshing Root WebApplicationContext: startup date [Wed Jul 26 14:45:38 GMT+08:00 2017]; root of context hierarchy
  [INFO] [2017-07-26 14:45:38][org.springframework.beans.factory.xml.XmlBeanDefinitionReader]Loading XML bean definitions from class path resource [spring-mybatis.xml]
  [INFO] [2017-07-26 14:45:38][org.springframework.beans.factory.config.PropertyPlaceholderConfigurer]Loading properties file from class path resource [jdbc.properties]
  [INFO] [2017-07-26 14:45:38][org.springframework.beans.factory.annotation.AutowiredAnnotationBeanPostProcessor]JSR-330 'javax.inject.Inject' annotation found and supported for autowiring
  [INFO] [2017-07-26 14:45:38][org.springframework.web.context.ContextLoader]Root WebApplicationContext: initialization completed in 474 ms
  [INFO] [2017-07-26 14:45:38][org.springframework.web.servlet.DispatcherServlet]FrameworkServlet 'SpringMVC': initialization started
  [INFO] [2017-07-26 14:45:38][org.springframework.web.context.support.XmlWebApplicationContext]Refreshing WebApplicationContext for namespace 'SpringMVC-servlet': startup date [Wed Jul 26 14:45:38 GMT+08:00 2017]; parent: Root WebApplicationContext
  [INFO] [2017-07-26 14:45:38][org.springframework.beans.factory.xml.XmlBeanDefinitionReader]Loading XML bean definitions from class path resource [spring-mvc.xml]
  [INFO] [2017-07-26 14:45:38][org.springframework.beans.factory.annotation.AutowiredAnnotationBeanPostProcessor]JSR-330 'javax.inject.Inject' annotation found and supported for autowiring
  [INFO] [2017-07-26 14:45:39][org.springframework.web.servlet.mvc.annotation.DefaultAnnotationHandlerMapping]Mapped URL path [/staff/{staffId}] onto handler 'staffController'
  [INFO] [2017-07-26 14:45:39][org.springframework.web.servlet.mvc.annotation.DefaultAnnotationHandlerMapping]Mapped URL path [/staff/{staffId}.*] onto handler 'staffController'
  [INFO] [2017-07-26 14:45:39][org.springframework.web.servlet.mvc.annotation.DefaultAnnotationHandlerMapping]Mapped URL path [/staff/{staffId}/] onto handler 'staffController'
  [INFO] [2017-07-26 14:45:39][org.springframework.web.servlet.DispatcherServlet]FrameworkServlet 'SpringMVC': initialization completed in 457 ms
  [WARN] [2017-07-26 14:46:03][org.springframework.web.servlet.PageNotFound]No mapping found for HTTP request with URI [/] in DispatcherServlet with name 'SpringMVC'
  [WARN] [2017-07-26 14:46:03][org.springframework.web.servlet.PageNotFound]No mapping found for HTTP request with URI [/favicon.ico] in DispatcherServlet with name 'SpringMVC'
  [WARN] [2017-07-26 14:46:17][org.springframework.web.servlet.PageNotFound]No mapping found for HTTP request with URI [/] in DispatcherServlet with name 'SpringMVC'
  [INFO] [2017-07-26 17:05:08][org.springframework.web.context.support.XmlWebApplicationContext]Closing WebApplicationContext for namespace 'SpringMVC-servlet': startup date [Wed Jul 26 14:45:38 GMT+08:00 2017]; parent: Root WebApplicationContext
  [INFO] [2017-07-26 17:05:08][org.springframework.web.context.support.XmlWebApplicationContext]Closing Root WebApplicationContext: startup date [Wed Jul 26 14:45:38 GMT+08:00 2017]; root of context hierarchy
  [INFO] [2017-07-26 17:05:10][org.springframework.web.context.ContextLoader]Root WebApplicationContext: initialization started
  [INFO] [2017-07-26 17:05:10][org.springframework.web.context.support.XmlWebApplicationContext]Refreshing Root WebApplicationContext: startup date [Wed Jul 26 17:05:10 GMT+08:00 2017]; root of context hierarchy
  [INFO] [2017-07-26 17:05:10][org.springframework.beans.factory.xml.XmlBeanDefinitionReader]Loading XML bean definitions from class path resource [spring-mybatis.xml]
  [INFO] [2017-07-26 17:05:10][org.springframework.beans.factory.config.PropertyPlaceholderConfigurer]Loading properties file from class path resource [jdbc.properties]
  [INFO] [2017-07-26 17:05:10][org.springframework.beans.factory.annotation.AutowiredAnnotationBeanPostProcessor]JSR-330 'javax.inject.Inject' annotation found and supported for autowiring
  [INFO] [2017-07-26 17:05:10][org.springframework.web.context.ContextLoader]Root WebApplicationContext: initialization completed in 422 ms
  [INFO] [2017-07-26 17:05:10][org.springframework.web.servlet.DispatcherServlet]FrameworkServlet 'SpringMVC': initialization started
  [INFO] [2017-07-26 17:05:10][org.springframework.web.context.support.XmlWebApplicationContext]Refreshing WebApplicationContext for namespace 'SpringMVC-servlet': startup date [Wed Jul 26 17:05:10 GMT+08:00 2017]; parent: Root WebApplicationContext
  [INFO] [2017-07-26 17:05:10][org.springframework.beans.factory.xml.XmlBeanDefinitionReader]Loading XML bean definitions from class path resource [spring-mvc.xml]
  [INFO] [2017-07-26 17:05:10][org.springframework.beans.factory.annotation.AutowiredAnnotationBeanPostProcessor]JSR-330 'javax.inject.Inject' annotation found and supported for autowiring
  [INFO] [2017-07-26 17:05:10][org.springframework.web.servlet.mvc.annotation.DefaultAnnotationHandlerMapping]Mapped URL path [/staff/{staffId}] onto handler 'staffController'
  [INFO] [2017-07-26 17:05:10][org.springframework.web.servlet.mvc.annotation.DefaultAnnotationHandlerMapping]Mapped URL path [/staff/{staffId}.*] onto handler 'staffController'
  [INFO] [2017-07-26 17:05:10][org.springframework.web.servlet.mvc.annotation.DefaultAnnotationHandlerMapping]Mapped URL path [/staff/{staffId}/] onto handler 'staffController'
  [INFO] [2017-07-26 17:05:10][org.springframework.web.servlet.DispatcherServlet]FrameworkServlet 'SpringMVC': initialization completed in 215 ms
  [WARN] [2017-07-26 17:13:59][org.springframework.web.servlet.PageNotFound]No mapping found for HTTP request with URI [/favicon.ico] in DispatcherServlet with name 'SpringMVC'
  [INFO] [2017-08-01 23:28:35][org.springframework.web.context.ContextLoader]Root WebApplicationContext: initialization started
  [INFO] [2017-08-01 23:28:35][org.springframework.web.context.support.XmlWebApplicationContext]Refreshing Root WebApplicationContext: startup date [Tue Aug 01 23:28:35 CST 2017]; root of context hierarchy
  [INFO] [2017-08-01 23:28:35][org.springframework.beans.factory.xml.XmlBeanDefinitionReader]Loading XML bean definitions from class path resource [spring-mybatis.xml]
  [INFO] [2017-08-01 23:28:36][org.springframework.beans.factory.config.PropertyPlaceholderConfigurer]Loading properties file from class path resource [jdbc.properties]
  [INFO] [2017-08-01 23:28:36][org.springframework.beans.factory.annotation.AutowiredAnnotationBeanPostProcessor]JSR-330 'javax.inject.Inject' annotation found and supported for autowiring
  [INFO] [2017-08-01 23:28:36][org.springframework.web.context.ContextLoader]Root WebApplicationContext: initialization completed in 900 ms
  [INFO] [2017-08-01 23:28:36][org.springframework.web.servlet.DispatcherServlet]FrameworkServlet 'SpringMVC': initialization started
  [INFO] [2017-08-01 23:28:36][org.springframework.web.context.support.XmlWebApplicationContext]Refreshing WebApplicationContext for namespace 'SpringMVC-servlet': startup date [Tue Aug 01 23:28:36 CST 2017]; parent: Root WebApplicationContext
  [INFO] [2017-08-01 23:28:36][org.springframework.beans.factory.xml.XmlBeanDefinitionReader]Loading XML bean definitions from class path resource [spring-mvc.xml]
  [INFO] [2017-08-01 23:28:36][org.springframework.beans.factory.annotation.AutowiredAnnotationBeanPostProcessor]JSR-330 'javax.inject.Inject' annotation found and supported for autowiring
  [INFO] [2017-08-01 23:28:37][org.springframework.web.servlet.mvc.annotation.DefaultAnnotationHandlerMapping]Mapped URL path [/staff/{staffId}] onto handler 'staffController'
  [INFO] [2017-08-01 23:28:37][org.springframework.web.servlet.mvc.annotation.DefaultAnnotationHandlerMapping]Mapped URL path [/staff/{staffId}.*] onto handler 'staffController'
  [INFO] [2017-08-01 23:28:37][org.springframework.web.servlet.mvc.annotation.DefaultAnnotationHandlerMapping]Mapped URL path [/staff/{staffId}/] onto handler 'staffController'
  [INFO] [2017-08-01 23:28:37][org.springframework.web.servlet.mvc.annotation.DefaultAnnotationHandlerMapping]Mapped URL path [/upload/uploadpicture] onto handler 'upload'
  [INFO] [2017-08-01 23:28:37][org.springframework.web.servlet.mvc.annotation.DefaultAnnotationHandlerMapping]Mapped URL path [/upload/uploadpicture.*] onto handler 'upload'
  [INFO] [2017-08-01 23:28:37][org.springframework.web.servlet.mvc.annotation.DefaultAnnotationHandlerMapping]Mapped URL path [/upload/uploadpicture/] onto handler 'upload'
  [INFO] [2017-08-01 23:28:37][org.springframework.web.servlet.DispatcherServlet]FrameworkServlet 'SpringMVC': initialization completed in 480 ms
  [WARN] [2017-08-01 23:29:18][org.springframework.web.servlet.PageNotFound]No mapping found for HTTP request with URI [/] in DispatcherServlet with name 'SpringMVC'
  [WARN] [2017-08-01 23:29:19][org.springframework.web.servlet.PageNotFound]No mapping found for HTTP request with URI [/favicon.ico] in DispatcherServlet with name 'SpringMVC'
  [INFO] [2017-08-01 23:30:40][org.springframework.web.context.ContextLoader]Root WebApplicationContext: initialization started
  [INFO] [2017-08-01 23:30:40][org.springframework.web.context.support.XmlWebApplicationContext]Refreshing Root WebApplicationContext: startup date [Tue Aug 01 23:30:40 CST 2017]; root of context hierarchy
  [INFO] [2017-08-01 23:30:40][org.springframework.beans.factory.xml.XmlBeanDefinitionReader]Loading XML bean definitions from class path resource [spring-mybatis.xml]
  [INFO] [2017-08-01 23:30:41][org.springframework.beans.factory.config.PropertyPlaceholderConfigurer]Loading properties file from class path resource [jdbc.properties]
  [INFO] [2017-08-01 23:30:41][org.springframework.beans.factory.annotation.AutowiredAnnotationBeanPostProcessor]JSR-330 'javax.inject.Inject' annotation found and supported for autowiring
  [INFO] [2017-08-01 23:30:41][org.springframework.web.context.ContextLoader]Root WebApplicationContext: initialization completed in 923 ms
  [INFO] [2017-08-01 23:30:41][org.springframework.web.servlet.DispatcherServlet]FrameworkServlet 'SpringMVC': initialization started
  [INFO] [2017-08-01 23:30:41][org.springframework.web.context.support.XmlWebApplicationContext]Refreshing WebApplicationContext for namespace 'SpringMVC-servlet': startup date [Tue Aug 01 23:30:41 CST 2017]; parent: Root WebApplicationContext
  [INFO] [2017-08-01 23:30:41][org.springframework.beans.factory.xml.XmlBeanDefinitionReader]Loading XML bean definitions from class path resource [spring-mvc.xml]
  [INFO] [2017-08-01 23:30:41][org.springframework.beans.factory.annotation.AutowiredAnnotationBeanPostProcessor]JSR-330 'javax.inject.Inject' annotation found and supported for autowiring
  [INFO] [2017-08-01 23:30:42][org.springframework.web.servlet.mvc.annotation.DefaultAnnotationHandlerMapping]Mapped URL path [/staff/{staffId}] onto handler 'staffController'
  [INFO] [2017-08-01 23:30:42][org.springframework.web.servlet.mvc.annotation.DefaultAnnotationHandlerMapping]Mapped URL path [/staff/{staffId}.*] onto handler 'staffController'
  [INFO] [2017-08-01 23:30:42][org.springframework.web.servlet.mvc.annotation.DefaultAnnotationHandlerMapping]Mapped URL path [/staff/{staffId}/] onto handler 'staffController'
  [INFO] [2017-08-01 23:30:42][org.springframework.web.servlet.mvc.annotation.DefaultAnnotationHandlerMapping]Mapped URL path [/upload/uploadpicture] onto handler 'upload'
  [INFO] [2017-08-01 23:30:42][org.springframework.web.servlet.mvc.annotation.DefaultAnnotationHandlerMapping]Mapped URL path [/upload/uploadpicture.*] onto handler 'upload'
  [INFO] [2017-08-01 23:30:42][org.springframework.web.servlet.mvc.annotation.DefaultAnnotationHandlerMapping]Mapped URL path [/upload/uploadpicture/] onto handler 'upload'
  [INFO] [2017-08-01 23:30:42][org.springframework.web.servlet.DispatcherServlet]FrameworkServlet 'SpringMVC': initialization completed in 589 ms
  [WARN] [2017-08-01 23:31:20][org.springframework.web.servlet.PageNotFound]No mapping found for HTTP request with URI [/staff/upload/uploadpicture.do] in DispatcherServlet with name 'SpringMVC'
  [INFO] [2017-08-01 23:40:08][org.springframework.web.context.support.XmlWebApplicationContext]Closing WebApplicationContext for namespace 'SpringMVC-servlet': startup date [Tue Aug 01 23:30:41 CST 2017]; parent: Root WebApplicationContext
  [INFO] [2017-08-01 23:40:08][org.springframework.web.context.support.XmlWebApplicationContext]Closing Root WebApplicationContext: startup date [Tue Aug 01 23:30:40 CST 2017]; root of context hierarchy
  [INFO] [2017-08-01 23:40:13][org.springframework.web.context.ContextLoader]Root WebApplicationContext: initialization started
  [INFO] [2017-08-01 23:40:13][org.springframework.web.context.support.XmlWebApplicationContext]Refreshing Root WebApplicationContext: startup date [Tue Aug 01 23:40:13 CST 2017]; root of context hierarchy
  [INFO] [2017-08-01 23:40:13][org.springframework.beans.factory.xml.XmlBeanDefinitionReader]Loading XML bean definitions from class path resource [spring-mybatis.xml]
  [INFO] [2017-08-01 23:40:14][org.springframework.beans.factory.config.PropertyPlaceholderConfigurer]Loading properties file from class path resource [jdbc.properties]
  [INFO] [2017-08-01 23:40:14][org.springframework.beans.factory.annotation.AutowiredAnnotationBeanPostProcessor]JSR-330 'javax.inject.Inject' annotation found and supported for autowiring
  [INFO] [2017-08-01 23:40:14][org.springframework.web.context.ContextLoader]Root WebApplicationContext: initialization completed in 1069 ms
  [INFO] [2017-08-01 23:40:14][org.springframework.web.servlet.DispatcherServlet]FrameworkServlet 'SpringMVC': initialization started
  [INFO] [2017-08-01 23:40:14][org.springframework.web.context.support.XmlWebApplicationContext]Refreshing WebApplicationContext for namespace 'SpringMVC-servlet': startup date [Tue Aug 01 23:40:14 CST 2017]; parent: Root WebApplicationContext
  [INFO] [2017-08-01 23:40:14][org.springframework.beans.factory.xml.XmlBeanDefinitionReader]Loading XML bean definitions from class path resource [spring-mvc.xml]
  [INFO] [2017-08-01 23:40:14][org.springframework.beans.factory.annotation.AutowiredAnnotationBeanPostProcessor]JSR-330 'javax.inject.Inject' annotation found and supported for autowiring
  [INFO] [2017-08-01 23:40:15][org.springframework.web.servlet.mvc.annotation.DefaultAnnotationHandlerMapping]Mapped URL path [/staff/{staffId}] onto handler 'staffController'
  [INFO] [2017-08-01 23:40:15][org.springframework.web.servlet.mvc.annotation.DefaultAnnotationHandlerMapping]Mapped URL path [/staff/{staffId}.*] onto handler 'staffController'
  [INFO] [2017-08-01 23:40:15][org.springframework.web.servlet.mvc.annotation.DefaultAnnotationHandlerMapping]Mapped URL path [/staff/{staffId}/] onto handler 'staffController'
  [INFO] [2017-08-01 23:40:15][org.springframework.web.servlet.mvc.annotation.DefaultAnnotationHandlerMapping]Mapped URL path [/upload/uploadpicture.do] onto handler 'upload'
  [INFO] [2017-08-01 23:40:15][org.springframework.web.servlet.DispatcherServlet]FrameworkServlet 'SpringMVC': initialization completed in 629 ms
  [INFO] [2017-08-01 23:41:16][org.springframework.web.context.support.XmlWebApplicationContext]Closing WebApplicationContext for namespace 'SpringMVC-servlet': startup date [Tue Aug 01 23:40:14 CST 2017]; parent: Root WebApplicationContext
  [INFO] [2017-08-01 23:41:16][org.springframework.web.context.support.XmlWebApplicationContext]Closing Root WebApplicationContext: startup date [Tue Aug 01 23:40:13 CST 2017]; root of context hierarchy
  [INFO] [2017-08-01 23:41:21][org.springframework.web.context.ContextLoader]Root WebApplicationContext: initialization started
  [INFO] [2017-08-01 23:41:21][org.springframework.web.context.support.XmlWebApplicationContext]Refreshing Root WebApplicationContext: startup date [Tue Aug 01 23:41:21 CST 2017]; root of context hierarchy
  [INFO] [2017-08-01 23:41:21][org.springframework.beans.factory.xml.XmlBeanDefinitionReader]Loading XML bean definitions from class path resource [spring-mybatis.xml]
  [INFO] [2017-08-01 23:41:21][org.springframework.beans.factory.config.PropertyPlaceholderConfigurer]Loading properties file from class path resource [jdbc.properties]
  [INFO] [2017-08-01 23:41:21][org.springframework.beans.factory.annotation.AutowiredAnnotationBeanPostProcessor]JSR-330 'javax.inject.Inject' annotation found and supported for autowiring
  [INFO] [2017-08-01 23:41:22][org.springframework.web.context.ContextLoader]Root WebApplicationContext: initialization completed in 913 ms
  [INFO] [2017-08-01 23:41:22][org.springframework.web.servlet.DispatcherServlet]FrameworkServlet 'SpringMVC': initialization started
  [INFO] [2017-08-01 23:41:22][org.springframework.web.context.support.XmlWebApplicationContext]Refreshing WebApplicationContext for namespace 'SpringMVC-servlet': startup date [Tue Aug 01 23:41:22 CST 2017]; parent: Root WebApplicationContext
  [INFO] [2017-08-01 23:41:22][org.springframework.beans.factory.xml.XmlBeanDefinitionReader]Loading XML bean definitions from class path resource [spring-mvc.xml]
  [INFO] [2017-08-01 23:41:22][org.springframework.beans.factory.annotation.AutowiredAnnotationBeanPostProcessor]JSR-330 'javax.inject.Inject' annotation found and supported for autowiring
  [INFO] [2017-08-01 23:41:22][org.springframework.web.servlet.mvc.annotation.DefaultAnnotationHandlerMapping]Mapped URL path [/staff/{staffId}] onto handler 'staffController'
  [INFO] [2017-08-01 23:41:22][org.springframework.web.servlet.mvc.annotation.DefaultAnnotationHandlerMapping]Mapped URL path [/staff/{staffId}.*] onto handler 'staffController'
  [INFO] [2017-08-01 23:41:22][org.springframework.web.servlet.mvc.annotation.DefaultAnnotationHandlerMapping]Mapped URL path [/staff/{staffId}/] onto handler 'staffController'
  [INFO] [2017-08-01 23:41:22][org.springframework.web.servlet.mvc.annotation.DefaultAnnotationHandlerMapping]Mapped URL path [/upload/uploadpicture] onto handler 'upload'
  [INFO] [2017-08-01 23:41:22][org.springframework.web.servlet.mvc.annotation.DefaultAnnotationHandlerMapping]Mapped URL path [/upload/uploadpicture.*] onto handler 'upload'
  [INFO] [2017-08-01 23:41:22][org.springframework.web.servlet.mvc.annotation.DefaultAnnotationHandlerMapping]Mapped URL path [/upload/uploadpicture/] onto handler 'upload'
  [INFO] [2017-08-01 23:41:22][org.springframework.web.servlet.DispatcherServlet]FrameworkServlet 'SpringMVC': initialization completed in 556 ms
  [INFO] [2017-08-01 23:42:49][org.springframework.web.context.support.XmlWebApplicationContext]Closing WebApplicationContext for namespace 'SpringMVC-servlet': startup date [Tue Aug 01 23:41:22 CST 2017]; parent: Root WebApplicationContext
  [INFO] [2017-08-01 23:42:49][org.springframework.web.context.support.XmlWebApplicationContext]Closing Root WebApplicationContext: startup date [Tue Aug 01 23:41:21 CST 2017]; root of context hierarchy
  [INFO] [2017-08-01 23:42:53][org.springframework.web.context.ContextLoader]Root WebApplicationContext: initialization started
  [INFO] [2017-08-01 23:42:53][org.springframework.web.context.support.XmlWebApplicationContext]Refreshing Root WebApplicationContext: startup date [Tue Aug 01 23:42:53 CST 2017]; root of context hierarchy
  [INFO] [2017-08-01 23:42:53][org.springframework.beans.factory.xml.XmlBeanDefinitionReader]Loading XML bean definitions from class path resource [spring-mybatis.xml]
  [INFO] [2017-08-01 23:42:54][org.springframework.beans.factory.config.PropertyPlaceholderConfigurer]Loading properties file from class path resource [jdbc.properties]
  [INFO] [2017-08-01 23:42:54][org.springframework.beans.factory.annotation.AutowiredAnnotationBeanPostProcessor]JSR-330 'javax.inject.Inject' annotation found and supported for autowiring
  [INFO] [2017-08-01 23:42:54][org.springframework.web.context.ContextLoader]Root WebApplicationContext: initialization completed in 1102 ms
  [INFO] [2017-08-01 23:42:54][org.springframework.web.servlet.DispatcherServlet]FrameworkServlet 'SpringMVC': initialization started
  [INFO] [2017-08-01 23:42:54][org.springframework.web.context.support.XmlWebApplicationContext]Refreshing WebApplicationContext for namespace 'SpringMVC-servlet': startup date [Tue Aug 01 23:42:54 CST 2017]; parent: Root WebApplicationContext
  [INFO] [2017-08-01 23:42:54][org.springframework.beans.factory.xml.XmlBeanDefinitionReader]Loading XML bean definitions from class path resource [spring-mvc.xml]
  [INFO] [2017-08-01 23:42:54][org.springframework.beans.factory.annotation.AutowiredAnnotationBeanPostProcessor]JSR-330 'javax.inject.Inject' annotation found and supported for autowiring
  [INFO] [2017-08-01 23:42:55][org.springframework.web.servlet.mvc.annotation.DefaultAnnotationHandlerMapping]Mapped URL path [/staff/{staffId}] onto handler 'staffController'
  [INFO] [2017-08-01 23:42:55][org.springframework.web.servlet.mvc.annotation.DefaultAnnotationHandlerMapping]Mapped URL path [/staff/{staffId}.*] onto handler 'staffController'
  [INFO] [2017-08-01 23:42:55][org.springframework.web.servlet.mvc.annotation.DefaultAnnotationHandlerMapping]Mapped URL path [/staff/{staffId}/] onto handler 'staffController'
  [INFO] [2017-08-01 23:42:55][org.springframework.web.servlet.mvc.annotation.DefaultAnnotationHandlerMapping]Mapped URL path [/upload/uploadpicture] onto handler 'upload'
  [INFO] [2017-08-01 23:42:55][org.springframework.web.servlet.mvc.annotation.DefaultAnnotationHandlerMapping]Mapped URL path [/upload/uploadpicture.*] onto handler 'upload'
  [INFO] [2017-08-01 23:42:55][org.springframework.web.servlet.mvc.annotation.DefaultAnnotationHandlerMapping]Mapped URL path [/upload/uploadpicture/] onto handler 'upload'
  [INFO] [2017-08-01 23:42:55][org.springframework.web.servlet.DispatcherServlet]FrameworkServlet 'SpringMVC': initialization completed in 730 ms
  [WARN] [2017-08-01 23:42:55][org.springframework.web.servlet.PageNotFound]Request method 'GET' not supported
  [INFO] [2017-08-01 23:43:56][org.springframework.web.context.support.XmlWebApplicationContext]Closing WebApplicationContext for namespace 'SpringMVC-servlet': startup date [Tue Aug 01 23:42:54 CST 2017]; parent: Root WebApplicationContext
  [INFO] [2017-08-01 23:43:56][org.springframework.web.context.support.XmlWebApplicationContext]Closing Root WebApplicationContext: startup date [Tue Aug 01 23:42:53 CST 2017]; root of context hierarchy
  [INFO] [2017-08-01 23:44:01][org.springframework.web.context.ContextLoader]Root WebApplicationContext: initialization started
  [INFO] [2017-08-01 23:44:01][org.springframework.web.context.support.XmlWebApplicationContext]Refreshing Root WebApplicationContext: startup date [Tue Aug 01 23:44:01 CST 2017]; root of context hierarchy
  [INFO] [2017-08-01 23:44:01][org.springframework.beans.factory.xml.XmlBeanDefinitionReader]Loading XML bean definitions from class path resource [spring-mybatis.xml]
  [INFO] [2017-08-01 23:44:01][org.springframework.beans.factory.config.PropertyPlaceholderConfigurer]Loading properties file from class path resource [jdbc.properties]
  [INFO] [2017-08-01 23:44:01][org.springframework.beans.factory.annotation.AutowiredAnnotationBeanPostProcessor]JSR-330 'javax.inject.Inject' annotation found and supported for autowiring
  [INFO] [2017-08-01 23:44:02][org.springframework.web.context.ContextLoader]Root WebApplicationContext: initialization completed in 838 ms
  [INFO] [2017-08-01 23:44:02][org.springframework.web.servlet.DispatcherServlet]FrameworkServlet 'SpringMVC': initialization started
  [INFO] [2017-08-01 23:44:02][org.springframework.web.context.support.XmlWebApplicationContext]Refreshing WebApplicationContext for namespace 'SpringMVC-servlet': startup date [Tue Aug 01 23:44:02 CST 2017]; parent: Root WebApplicationContext
  [INFO] [2017-08-01 23:44:02][org.springframework.beans.factory.xml.XmlBeanDefinitionReader]Loading XML bean definitions from class path resource [spring-mvc.xml]
  [INFO] [2017-08-01 23:44:02][org.springframework.beans.factory.annotation.AutowiredAnnotationBeanPostProcessor]JSR-330 'javax.inject.Inject' annotation found and supported for autowiring
  [INFO] [2017-08-01 23:44:02][org.springframework.web.servlet.mvc.annotation.DefaultAnnotationHandlerMapping]Mapped URL path [/staff/{staffId}] onto handler 'staffController'
  [INFO] [2017-08-01 23:44:02][org.springframework.web.servlet.mvc.annotation.DefaultAnnotationHandlerMapping]Mapped URL path [/staff/{staffId}.*] onto handler 'staffController'
  [INFO] [2017-08-01 23:44:02][org.springframework.web.servlet.mvc.annotation.DefaultAnnotationHandlerMapping]Mapped URL path [/staff/{staffId}/] onto handler 'staffController'
  [INFO] [2017-08-01 23:44:02][org.springframework.web.servlet.mvc.annotation.DefaultAnnotationHandlerMapping]Mapped URL path [/upload/uploadpicture] onto handler 'upload'
  [INFO] [2017-08-01 23:44:02][org.springframework.web.servlet.mvc.annotation.DefaultAnnotationHandlerMapping]Mapped URL path [/upload/uploadpicture.*] onto handler 'upload'
  [INFO] [2017-08-01 23:44:02][org.springframework.web.servlet.mvc.annotation.DefaultAnnotationHandlerMapping]Mapped URL path [/upload/uploadpicture/] onto handler 'upload'
  [INFO] [2017-08-01 23:44:02][org.springframework.web.servlet.DispatcherServlet]FrameworkServlet 'SpringMVC': initialization completed in 526 ms
  [INFO] [2017-08-01 23:44:08][org.springframework.web.context.support.XmlWebApplicationContext]Closing WebApplicationContext for namespace 'SpringMVC-servlet': startup date [Tue Aug 01 23:44:02 CST 2017]; parent: Root WebApplicationContext
  [INFO] [2017-08-01 23:44:08][org.springframework.web.context.support.XmlWebApplicationContext]Closing Root WebApplicationContext: startup date [Tue Aug 01 23:44:01 CST 2017]; root of context hierarchy
  [INFO] [2017-08-01 23:44:12][org.springframework.web.context.ContextLoader]Root WebApplicationContext: initialization started
  [INFO] [2017-08-01 23:44:12][org.springframework.web.context.support.XmlWebApplicationContext]Refreshing Root WebApplicationContext: startup date [Tue Aug 01 23:44:12 CST 2017]; root of context hierarchy
  [INFO] [2017-08-01 23:44:12][org.springframework.beans.factory.xml.XmlBeanDefinitionReader]Loading XML bean definitions from class path resource [spring-mybatis.xml]
  [INFO] [2017-08-01 23:44:13][org.springframework.beans.factory.config.PropertyPlaceholderConfigurer]Loading properties file from class path resource [jdbc.properties]
  [INFO] [2017-08-01 23:44:13][org.springframework.beans.factory.annotation.AutowiredAnnotationBeanPostProcessor]JSR-330 'javax.inject.Inject' annotation found and supported for autowiring
  [INFO] [2017-08-01 23:44:13][org.springframework.web.context.ContextLoader]Root WebApplicationContext: initialization completed in 857 ms
  [INFO] [2017-08-01 23:44:13][org.springframework.web.servlet.DispatcherServlet]FrameworkServlet 'SpringMVC': initialization started
  [INFO] [2017-08-01 23:44:13][org.springframework.web.context.support.XmlWebApplicationContext]Refreshing WebApplicationContext for namespace 'SpringMVC-servlet': startup date [Tue Aug 01 23:44:13 CST 2017]; parent: Root WebApplicationContext
  [INFO] [2017-08-01 23:44:13][org.springframework.beans.factory.xml.XmlBeanDefinitionReader]Loading XML bean definitions from class path resource [spring-mvc.xml]
  [INFO] [2017-08-01 23:44:13][org.springframework.beans.factory.annotation.AutowiredAnnotationBeanPostProcessor]JSR-330 'javax.inject.Inject' annotation found and supported for autowiring
  [INFO] [2017-08-01 23:44:14][org.springframework.web.servlet.mvc.annotation.DefaultAnnotationHandlerMapping]Mapped URL path [/staff/{staffId}] onto handler 'staffController'
  [INFO] [2017-08-01 23:44:14][org.springframework.web.servlet.mvc.annotation.DefaultAnnotationHandlerMapping]Mapped URL path [/staff/{staffId}.*] onto handler 'staffController'
  [INFO] [2017-08-01 23:44:14][org.springframework.web.servlet.mvc.annotation.DefaultAnnotationHandlerMapping]Mapped URL path [/staff/{staffId}/] onto handler 'staffController'
  [INFO] [2017-08-01 23:44:14][org.springframework.web.servlet.mvc.annotation.DefaultAnnotationHandlerMapping]Mapped URL path [/upload/uploadpicture] onto handler 'upload'
  [INFO] [2017-08-01 23:44:14][org.springframework.web.servlet.mvc.annotation.DefaultAnnotationHandlerMapping]Mapped URL path [/upload/uploadpicture.*] onto handler 'upload'
  [INFO] [2017-08-01 23:44:14][org.springframework.web.servlet.mvc.annotation.DefaultAnnotationHandlerMapping]Mapped URL path [/upload/uploadpicture/] onto handler 'upload'
  [INFO] [2017-08-01 23:44:14][org.springframework.web.servlet.DispatcherServlet]FrameworkServlet 'SpringMVC': initialization completed in 542 ms
  [INFO] [2017-08-01 23:45:00][org.springframework.web.context.support.XmlWebApplicationContext]Closing WebApplicationContext for namespace 'SpringMVC-servlet': startup date [Tue Aug 01 23:44:13 CST 2017]; parent: Root WebApplicationContext
  [INFO] [2017-08-01 23:45:00][org.springframework.web.context.support.XmlWebApplicationContext]Closing Root WebApplicationContext: startup date [Tue Aug 01 23:44:12 CST 2017]; root of context hierarchy
  [INFO] [2017-08-01 23:45:19][org.springframework.web.context.ContextLoader]Root WebApplicationContext: initialization started
  [INFO] [2017-08-01 23:45:19][org.springframework.web.context.support.XmlWebApplicationContext]Refreshing Root WebApplicationContext: startup date [Tue Aug 01 23:45:19 CST 2017]; root of context hierarchy
  [INFO] [2017-08-01 23:45:19][org.springframework.beans.factory.xml.XmlBeanDefinitionReader]Loading XML bean definitions from class path resource [spring-mybatis.xml]
  [INFO] [2017-08-01 23:45:19][org.springframework.beans.factory.config.PropertyPlaceholderConfigurer]Loading properties file from class path resource [jdbc.properties]
  [INFO] [2017-08-01 23:45:19][org.springframework.beans.factory.annotation.AutowiredAnnotationBeanPostProcessor]JSR-330 'javax.inject.Inject' annotation found and supported for autowiring
  [INFO] [2017-08-01 23:45:20][org.springframework.web.context.ContextLoader]Root WebApplicationContext: initialization completed in 977 ms
  [INFO] [2017-08-01 23:45:20][org.springframework.web.servlet.DispatcherServlet]FrameworkServlet 'SpringMVC': initialization started
  [INFO] [2017-08-01 23:45:20][org.springframework.web.context.support.XmlWebApplicationContext]Refreshing WebApplicationContext for namespace 'SpringMVC-servlet': startup date [Tue Aug 01 23:45:20 CST 2017]; parent: Root WebApplicationContext
  [INFO] [2017-08-01 23:45:20][org.springframework.beans.factory.xml.XmlBeanDefinitionReader]Loading XML bean definitions from class path resource [spring-mvc.xml]
  [INFO] [2017-08-01 23:45:20][org.springframework.beans.factory.annotation.AutowiredAnnotationBeanPostProcessor]JSR-330 'javax.inject.Inject' annotation found and supported for autowiring
  [INFO] [2017-08-01 23:45:20][org.springframework.web.servlet.mvc.annotation.DefaultAnnotationHandlerMapping]Mapped URL path [/staff/{staffId}] onto handler 'staffController'
  [INFO] [2017-08-01 23:45:20][org.springframework.web.servlet.mvc.annotation.DefaultAnnotationHandlerMapping]Mapped URL path [/staff/{staffId}.*] onto handler 'staffController'
  [INFO] [2017-08-01 23:45:20][org.springframework.web.servlet.mvc.annotation.DefaultAnnotationHandlerMapping]Mapped URL path [/staff/{staffId}/] onto handler 'staffController'
  [INFO] [2017-08-01 23:45:20][org.springframework.web.servlet.mvc.annotation.DefaultAnnotationHandlerMapping]Mapped URL path [/upload/uploadpicture] onto handler 'upload'
  [INFO] [2017-08-01 23:45:20][org.springframework.web.servlet.mvc.annotation.DefaultAnnotationHandlerMapping]Mapped URL path [/upload/uploadpicture.*] onto handler 'upload'
  [INFO] [2017-08-01 23:45:20][org.springframework.web.servlet.mvc.annotation.DefaultAnnotationHandlerMapping]Mapped URL path [/upload/uploadpicture/] onto handler 'upload'
  [INFO] [2017-08-01 23:45:20][org.springframework.web.servlet.DispatcherServlet]FrameworkServlet 'SpringMVC': initialization completed in 639 ms
  [INFO] [2017-08-01 23:48:03][org.springframework.web.context.support.XmlWebApplicationContext]Closing WebApplicationContext for namespace 'SpringMVC-servlet': startup date [Tue Aug 01 23:45:20 CST 2017]; parent: Root WebApplicationContext
  [INFO] [2017-08-01 23:48:03][org.springframework.web.context.support.XmlWebApplicationContext]Closing Root WebApplicationContext: startup date [Tue Aug 01 23:45:19 CST 2017]; root of context hierarchy
  [INFO] [2017-08-01 23:48:07][org.springframework.web.context.ContextLoader]Root WebApplicationContext: initialization started
  [INFO] [2017-08-01 23:48:07][org.springframework.web.context.support.XmlWebApplicationContext]Refreshing Root WebApplicationContext: startup date [Tue Aug 01 23:48:07 CST 2017]; root of context hierarchy
  [INFO] [2017-08-01 23:48:07][org.springframework.beans.factory.xml.XmlBeanDefinitionReader]Loading XML bean definitions from class path resource [spring-mybatis.xml]
  [INFO] [2017-08-01 23:48:08][org.springframework.beans.factory.config.PropertyPlaceholderConfigurer]Loading properties file from class path resource [jdbc.properties]
  [INFO] [2017-08-01 23:48:08][org.springframework.beans.factory.annotation.AutowiredAnnotationBeanPostProcessor]JSR-330 'javax.inject.Inject' annotation found and supported for autowiring
  [INFO] [2017-08-01 23:48:12][org.springframework.web.context.ContextLoader]Root WebApplicationContext: initialization completed in 5323 ms
  [INFO] [2017-08-01 23:48:12][org.springframework.web.servlet.DispatcherServlet]FrameworkServlet 'SpringMVC': initialization started
  [INFO] [2017-08-01 23:48:12][org.springframework.web.context.support.XmlWebApplicationContext]Refreshing WebApplicationContext for namespace 'SpringMVC-servlet': startup date [Tue Aug 01 23:48:12 CST 2017]; parent: Root WebApplicationContext
  [INFO] [2017-08-01 23:48:12][org.springframework.beans.factory.xml.XmlBeanDefinitionReader]Loading XML bean definitions from class path resource [spring-mvc.xml]
  [INFO] [2017-08-01 23:48:13][org.springframework.beans.factory.annotation.AutowiredAnnotationBeanPostProcessor]JSR-330 'javax.inject.Inject' annotation found and supported for autowiring
  [INFO] [2017-08-01 23:48:13][org.springframework.web.servlet.mvc.annotation.DefaultAnnotationHandlerMapping]Mapped URL path [/staff/{staffId}] onto handler 'staffController'
  [INFO] [2017-08-01 23:48:13][org.springframework.web.servlet.mvc.annotation.DefaultAnnotationHandlerMapping]Mapped URL path [/staff/{staffId}.*] onto handler 'staffController'
  [INFO] [2017-08-01 23:48:13][org.springframework.web.servlet.mvc.annotation.DefaultAnnotationHandlerMapping]Mapped URL path [/staff/{staffId}/] onto handler 'staffController'
  [INFO] [2017-08-01 23:48:13][org.springframework.web.servlet.mvc.annotation.DefaultAnnotationHandlerMapping]Mapped URL path [/upload/uploadpicture] onto handler 'upload'
  [INFO] [2017-08-01 23:48:13][org.springframework.web.servlet.mvc.annotation.DefaultAnnotationHandlerMapping]Mapped URL path [/upload/uploadpicture.*] onto handler 'upload'
  [INFO] [2017-08-01 23:48:13][org.springframework.web.servlet.mvc.annotation.DefaultAnnotationHandlerMapping]Mapped URL path [/upload/uploadpicture/] onto handler 'upload'
  [INFO] [2017-08-01 23:48:13][org.springframework.web.servlet.DispatcherServlet]FrameworkServlet 'SpringMVC': initialization completed in 470 ms
  